e:\git\data-structures-and-algorithms\arrlist\arrlist\debug\vc141.pdb
e:\git\data-structures-and-algorithms\arrlist\arrlist\debug\vc141.idb
e:\git\data-structures-and-algorithms\arrlist\arrlist\debug\main.obj
e:\git\data-structures-and-algorithms\arrlist\arrlist\debug\arrlist.obj
e:\git\data-structures-and-algorithms\arrlist\debug\arrlist.pdb
e:\git\data-structures-and-algorithms\arrlist\arrlist\debug\arrlist.tlog\cl.command.1.tlog
e:\git\data-structures-and-algorithms\arrlist\arrlist\debug\arrlist.tlog\cl.read.1.tlog
e:\git\data-structures-and-algorithms\arrlist\arrlist\debug\arrlist.tlog\cl.write.1.tlog
e:\git\data-structures-and-algorithms\arrlist\arrlist\debug\arrlist.tlog\link-cvtres.read.1.tlog
e:\git\data-structures-and-algorithms\arrlist\arrlist\debug\arrlist.tlog\link-cvtres.write.1.tlog
e:\git\data-structures-and-algorithms\arrlist\arrlist\debug\arrlist.tlog\link-rc.read.1.tlog
e:\git\data-structures-and-algorithms\arrlist\arrlist\debug\arrlist.tlog\link-rc.write.1.tlog
e:\git\data-structures-and-algorithms\arrlist\arrlist\debug\arrlist.tlog\link.20988-cvtres.read.1.tlog
e:\git\data-structures-and-algorithms\arrlist\arrlist\debug\arrlist.tlog\link.20988-cvtres.write.1.tlog
e:\git\data-structures-and-algorithms\arrlist\arrlist\debug\arrlist.tlog\link.20988-rc.read.1.tlog
e:\git\data-structures-and-algorithms\arrlist\arrlist\debug\arrlist.tlog\link.20988-rc.write.1.tlog
e:\git\data-structures-and-algorithms\arrlist\arrlist\debug\arrlist.tlog\link.20988.read.1.tlog
e:\git\data-structures-and-algorithms\arrlist\arrlist\debug\arrlist.tlog\link.20988.write.1.tlog
e:\git\data-structures-and-algorithms\arrlist\arrlist\debug\arrlist.tlog\link.command.1.tlog
e:\git\data-structures-and-algorithms\arrlist\arrlist\debug\arrlist.tlog\link.read.1.tlog
e:\git\data-structures-and-algorithms\arrlist\arrlist\debug\arrlist.tlog\link.write.1.tlog
